Using pre-set license
Built from '2021.1/release' branch; Version is '2021.1.0f1 (61a549675243) revision 6399305'; Using compiler version '192528614'; Build Type 'Release'
OS: 'Windows 10 Education; OS build 22000.556; Version 2009; 64bit' Language: 'es' Physical Memory: 8114 MB
BatchMode: 1, IsHumanControllingUs: 0, StartBugReporterOnCrash: 0, Is64bit: 1, IsPro: 0

 COMMAND LINE ARGUMENTS:
C:\Program Files\Unity\Hub\Editor\2021.1.0f1\Editor\Unity.exe
-adb2
-batchMode
-noUpm
-name
AssetImportWorker0
-projectPath
C:/Users/perfil/PruebaGit
-logFile
Logs/AssetImportWorker0.log
-srvPort
60240
Successfully changed project path to: C:/Users/perfil/PruebaGit
C:/Users/perfil/PruebaGit
Using Asset Import Pipeline V2.
Refreshing native plugins compatible for Editor in 168.40 ms, found 2 plugins.
Preloading 0 native plugins for Editor in 0.00 ms.
Initialize engine version: 2021.1.0f1 (61a549675243)
[Subsystems] Discovering subsystems at path C:/Program Files/Unity/Hub/Editor/2021.1.0f1/Editor/Data/Resources/UnitySubsystems
[Subsystems] Discovering subsystems at path C:/Users/perfil/PruebaGit/Assets
GfxDevice: creating device client; threaded=0; jobified=0
Direct3D:
    Version:  Direct3D 11.0 [level 11.1]
    Renderer: Intel(R) HD Graphics 4600 (ID=0x412)
    Vendor:   Intel
    VRAM:     2048 MB
    Driver:   20.19.15.5126
Initialize mono
Mono path[0] = 'C:/Program Files/Unity/Hub/Editor/2021.1.0f1/Editor/Data/Managed'
Mono path[1] = 'C:/Program Files/Unity/Hub/Editor/2021.1.0f1/Editor/Data/MonoBleedingEdge/lib/mono/unityjit'
Mono config path = 'C:/Program Files/Unity/Hub/Editor/2021.1.0f1/Editor/Data/MonoBleedingEdge/etc'
Using monoOptions --debugger-agent=transport=dt_socket,embedding=1,server=y,suspend=n,address=127.0.0.1:56896
Begin MonoManager ReloadAssembly
Registering precompiled unity dll's ...
Register platform support module: C:/Program Files/Unity/Hub/Editor/2021.1.0f1/Editor/Data/PlaybackEngines/WindowsStandaloneSupport/UnityEditor.WindowsStandalone.Extensions.dll
Registered in 0.003025 seconds.
Native extension for WindowsStandalone target not found
Refreshing native plugins compatible for Editor in 155.08 ms, found 2 plugins.
Preloading 0 native plugins for Editor in 0.00 ms.
Mono: successfully reloaded assembly
- Completed reload, in  5.901 seconds
Platform modules already initialized, skipping
Registering precompiled user dll's ...
Registered in 0.007513 seconds.
Begin MonoManager ReloadAssembly
Native extension for WindowsStandalone target not found
Refreshing native plugins compatible for Editor in 161.93 ms, found 2 plugins.
Preloading 0 native plugins for Editor in 0.00 ms.
Mono: successfully reloaded assembly
- Completed reload, in  2.290 seconds
Platform modules already initialized, skipping
========================================================================
Worker process is ready to serve import requests
Launched and connected shader compiler UnityShaderCompiler.exe after 0.08 seconds
Refreshing native plugins compatible for Editor in 0.82 ms, found 2 plugins.
Preloading 0 native plugins for Editor in 0.00 ms.
Unloading 3366 Unused Serialized files (Serialized files now loaded: 0)
System memory in use before: 127.5 MB.
System memory in use after: 127.6 MB.

Unloading 29 unused Assets to reduce memory usage. Loaded Objects now: 3817.
Total: 5.035900 ms (FindLiveObjects: 0.655000 ms CreateObjectMapping: 0.512600 ms MarkObjects: 3.695000 ms  DeleteObjects: 0.172100 ms)

========================================================================
Received Import Request.
  path: Assets/NewBehaviourScript.cs
  artifactKey: Guid(8e4818d2bc6187044bf686058a844ea2) Importer(815301076,1909f56bfc062723c751e8b465ee728b)
Start importing Assets/NewBehaviourScript.cs using Guid(8e4818d2bc6187044bf686058a844ea2) Importer(815301076,1909f56bfc062723c751e8b465ee728b)  -> (artifact id: '5f63bb7725be327e4c909a082c4a35a4') in 0.108903 seconds 
========================================================================
Received Import Request.
  Time since last request: 9.213850 seconds.
  path: Assets/New Folder
  artifactKey: Guid(aae247446258223448239d2db1dce7c0) Importer(815301076,1909f56bfc062723c751e8b465ee728b)
Start importing Assets/New Folder using Guid(aae247446258223448239d2db1dce7c0) Importer(815301076,1909f56bfc062723c751e8b465ee728b)  -> (artifact id: '2d04812ede2289a38bc285ba65012d7e') in 0.138188 seconds 
========================================================================
Received Import Request.
  Time since last request: 21.010822 seconds.
  path: Assets/Scripts
  artifactKey: Guid(aae247446258223448239d2db1dce7c0) Importer(815301076,1909f56bfc062723c751e8b465ee728b)
Start importing Assets/Scripts using Guid(aae247446258223448239d2db1dce7c0) Importer(815301076,1909f56bfc062723c751e8b465ee728b)  -> (artifact id: 'e2847b4382da652c647f4d6a3f83aea9') in 0.440128 seconds 
========================================================================
Received Import Request.
  Time since last request: 3.006918 seconds.
  path: Assets/Scripts/New Folder
  artifactKey: Guid(2e02d5d6a71f8014c870160726d6056b) Importer(815301076,1909f56bfc062723c751e8b465ee728b)
Start importing Assets/Scripts/New Folder using Guid(2e02d5d6a71f8014c870160726d6056b) Importer(815301076,1909f56bfc062723c751e8b465ee728b)  -> (artifact id: '1eaec036516fd9e5555a21953168f981') in 0.005146 seconds 
AssetImportWorkerClient::OnTransportError - code=2 error=End of file
